<?xml version="1.0" encoding="UTF-8"?>
<!-- Generated by org.testng.reporters.JUnitReportReporter -->
<testsuite skipped="0" hostname="ILTLV_ORENSHA" name="First.Main" tests="1" failures="0" timestamp="15 מאי 2018 06:39:19 GMT" time="29.790" errors="0">
  <testcase name="WixText" time="29.790" classname="First.Main"/>
</testsuite> <!-- First.Main -->
