<?xml version="1.0" encoding="UTF-8"?>
<!-- Generated by org.testng.reporters.JUnitReportReporter -->
<testsuite skipped="0" hostname="ILWL-OrenS" name="src.First.Main" tests="1" failures="0" timestamp="16 May 2018 13:31:25 GMT" time="18.172" errors="0">
  <testcase name="WixText" time="18.172" classname="src.First.Main"/>
</testsuite> <!-- src.First.Main -->
