<?xml version="1.0" encoding="UTF-8"?>
<!-- Generated by org.testng.reporters.JUnitReportReporter -->
<testsuite skipped="0" hostname="ILWL-OrenS" name="Test.Main" tests="1" failures="0" timestamp="16 May 2018 16:08:17 GMT" time="18.533" errors="0">
  <testcase name="WixText" time="18.533" classname="Test.Main"/>
</testsuite> <!-- Test.Main -->
