<?xml version="1.0" encoding="UTF-8"?>
<!-- Generated by org.testng.reporters.JUnitReportReporter -->
<testsuite skipped="0" hostname="ILWL-OrenS" name="Test.Main" tests="1" failures="0" timestamp="21 May 2018 09:11:15 GMT" time="20.729" errors="0">
  <testcase name="WixText" time="20.729" classname="Test.Main"/>
</testsuite> <!-- Test.Main -->
